[1, 18:33:41] describe employees: Running...
[1, 18:33:41] describe employees: Fetching...
[1, 18:33:41] describe employees: 6 row(s) returned
[2, 18:37:47] SELECT * FROM titles LIMIT 50: Running...
[2, 18:37:47] SELECT * FROM titles LIMIT 50: Fetching...
[2, 18:37:47] SELECT * FROM titles LIMIT 50: 50 row(s) returned
[3, 18:39:03] SELECT * FROM employees Limit 50: Running...
[3, 18:39:03] SELECT * FROM employees Limit 50: Fetching...
[3, 18:39:03] SELECT * FROM employees Limit 50: 50 row(s) returned
[4, 18:42:42] select * from employees Where birth_date < '1965-01-01'
LIMIT 0, 1000
: Running...
[4, 18:42:42] select * from employees Where birth_date < '1965-01-01'
LIMIT 0, 1000
: Fetching...
[4, 18:42:42] select * from employees Where birth_date < '1965-01-01'
LIMIT 0, 1000
: 1000 row(s) returned
[5, 18:43:30] select * from employees Where birth_date > '1965-01-01'
LIMIT 0, 2000
: Running...
[5, 18:43:30] select * from employees Where birth_date > '1965-01-01'
LIMIT 0, 2000
: Fetching...
[5, 18:43:30] select * from employees Where birth_date > '1965-01-01'
LIMIT 0, 2000
: 1879 row(s) returned
[6, 18:44:26] select * from employees Where birth_date < '1965-01-01'
LIMIT 0, 2000
: Running...
[6, 18:44:26] select * from employees Where birth_date < '1965-01-01'
LIMIT 0, 2000
: Fetching...
[6, 18:44:26] select * from employees Where birth_date < '1965-01-01'
LIMIT 0, 2000
: 2000 row(s) returned
[7, 18:44:46] select * from employees Where birth_date < '1965-01-01'
LIMIT 0, 5000
: Running...
[7, 18:44:46] select * from employees Where birth_date < '1965-01-01'
LIMIT 0, 5000
: Fetching...
[7, 18:44:46] select * from employees Where birth_date < '1965-01-01'
LIMIT 0, 5000
: 5000 row(s) returned
[8, 18:57:18] select * from employees Where birth_date < '1965-01-01': Running...
[8, 18:57:18] select * from employees Where birth_date < '1965-01-01': Fetching...
[8, 18:57:20] select * from employees Where birth_date < '1965-01-01': 298084 row(s) returned
[1, 18:21:32] select * from employees Where birth_date < '1965-01-01': Running...
[1, 18:21:32] select * from employees Where birth_date < '1965-01-01': Fetching...
[1, 18:21:33] select * from employees Where birth_date < '1965-01-01': 298084 row(s) returned
[2, 18:26:39] desc * from employeees where female && hire_date < 1990: Running...
[2, 18:26:39] desc * from employeees where female && hire_date < 1990: Error Code: 1064. You have an error in your SQL syntax; check the manual that corresponds to your MySQL server version for the right syntax to use near '* from employeees where female && hire_date < 1990' at line 1
[3, 18:27:19] select * from employeees where female && hire_date < 1990: Running...
[3, 18:27:19] select * from employeees where female && hire_date < 1990: Error Code: 1146. Table 'employees.employeees' doesn't exist
[4, 18:27:31] select * from employees where female && hire_date < 1990: Running...
[4, 18:27:31] select * from employees where female && hire_date < 1990: Error Code: 1054. Unknown column 'female' in 'where clause'
[5, 18:28:31] select * from employees where gender = female && hire_date < 1990: Running...
[5, 18:28:31] select * from employees where gender = female && hire_date < 1990: Error Code: 1054. Unknown column 'female' in 'where clause'
[6, 18:28:49] select * from employees where gender = 'f' && hire_date < 1990: Running...
[6, 18:28:50] select * from employees where gender = 'f' && hire_date < 1990: Fetching...
[6, 18:28:50] select * from employees where gender = 'f' && hire_date < 1990: 0 row(s) returned
[7, 18:30:23] select * from employees where gender = 'f' && hire_date < '1990%': Running...
[7, 18:30:23] select * from employees where gender = 'f' && hire_date < '1990%': Error Code: 1525. Incorrect DATE value: '1990%'
[8, 18:30:36] select * from employees where gender = 'f' && hire_date < '1990-01-01': Running...
[8, 18:30:36] select * from employees where gender = 'f' && hire_date < '1990-01-01': Fetching...
[8, 18:30:37] select * from employees where gender = 'f' && hire_date < '1990-01-01': 66212 row(s) returned
[9, 18:30:50] select * from employees where gender = 'f' && hire_date > '1990-01-01': Running...
[9, 18:30:50] select * from employees where gender = 'f' && hire_date > '1990-01-01': Fetching...
[9, 18:30:50] select * from employees where gender = 'f' && hire_date > '1990-01-01': 53812 row(s) returned
[1, 18:31:30] select * from employees where gender = 'f' && hire_date > '1990-01-01': Running...
[1, 18:31:30] select * from employees where gender = 'f' && hire_date > '1990-01-01': Fetching...
[1, 18:31:31] select * from employees where gender = 'f' && hire_date > '1990-01-01': 53812 row(s) returned
[2, 18:34:26] desc  employees: Running...
[2, 18:34:26] desc  employees: Fetching...
[2, 18:34:26] desc  employees: 6 row(s) returned
[3, 18:37:46] select * from employees WHERE last_name LIKE 'F%': Running...
[3, 18:37:46] select * from employees WHERE last_name LIKE 'F%': Fetching...
[3, 18:37:46] select * from employees WHERE last_name LIKE 'F%': 9163 row(s) returned
[4, 18:38:04] select * from employees WHERE last_name LIKE 'F%' LIMIT 50: Running...
[4, 18:38:04] select * from employees WHERE last_name LIKE 'F%' LIMIT 50: Fetching...
[4, 18:38:04] select * from employees WHERE last_name LIKE 'F%' LIMIT 50: 50 row(s) returned
[5, 18:38:43] DESC EMPLOYEES: Running...
[5, 18:38:43] DESC EMPLOYEES: Fetching...
[5, 18:38:43] DESC EMPLOYEES: 6 row(s) returned
[6, 19:24:51] describe employees: Running...
[6, 19:24:51] describe employees: Fetching...
[6, 19:24:51] describe employees: 6 row(s) returned
[7, 19:25:02] SELECT * FROM employees Limit 50: Running...
[7, 19:25:02] SELECT * FROM employees Limit 50: Fetching...
[7, 19:25:02] SELECT * FROM employees Limit 50: 50 row(s) returned
[8, 19:25:33] SELECT * FROM EMPLOYEES LIMIT 25: Running...
[8, 19:25:33] SELECT * FROM EMPLOYEES LIMIT 25: Fetching...
[8, 19:25:33] SELECT * FROM EMPLOYEES LIMIT 25: 25 row(s) returned
[9, 19:28:34] INSERT INTO employees VALUES (100, '1980-01-01', 'SERENA', 'WILLIAMS', 'F', '2020-01-01'): Running...
[9, 19:28:34] INSERT INTO employees VALUES (100, '1980-01-01', 'SERENA', 'WILLIAMS', 'F', '2020-01-01'): 1 row(s) affected
[10, 19:28:45] SELECT * FROM EMPLOYEES LIMIT 25: Running...
[10, 19:28:45] SELECT * FROM EMPLOYEES LIMIT 25: Fetching...
[10, 19:28:45] SELECT * FROM EMPLOYEES LIMIT 25: 25 row(s) returned
[11, 19:29:58] INSERT INTO employees VALUES (101, '1979-01-01', 'VENUS', 'WILLIAMS', 'F', '2020-02-02'): Running...
[11, 19:29:58] INSERT INTO employees VALUES (101, '1979-01-01', 'VENUS', 'WILLIAMS', 'F', '2020-02-02'): 1 row(s) affected
[12, 19:30:03] SELECT * FROM EMPLOYEES LIMIT 25: Running...
[12, 19:30:03] SELECT * FROM EMPLOYEES LIMIT 25: Fetching...
[12, 19:30:03] SELECT * FROM EMPLOYEES LIMIT 25: 25 row(s) returned
[13, 19:31:20] INSERT INTO employees VALUES (102, '1978-01-01', 'GABBY', 'DOUGLAS', 'F', '2020-03-03'): Running...
[13, 19:31:20] INSERT INTO employees VALUES (102, '1978-01-01', 'GABBY', 'DOUGLAS', 'F', '2020-03-03'): 1 row(s) affected
[14, 19:31:24] SELECT * FROM EMPLOYEES LIMIT 25: Running...
[14, 19:31:24] SELECT * FROM EMPLOYEES LIMIT 25: Fetching...
[14, 19:31:24] SELECT * FROM EMPLOYEES LIMIT 25: 25 row(s) returned
[15, 19:32:09] DESC employees: Running...
[15, 19:32:09] DESC employees: Fetching...
[15, 19:32:09] DESC employees: 6 row(s) returned
[16, 19:32:29] SELECT * FROM employees LIMIT 25: Running...
[16, 19:32:29] SELECT * FROM employees LIMIT 25: Fetching...
[16, 19:32:29] SELECT * FROM employees LIMIT 25: 25 row(s) returned
[17, 19:32:55] SELECT * FROM employees LIMIT 50: Running...
[17, 19:32:55] SELECT * FROM employees LIMIT 50: Fetching...
[17, 19:32:55] SELECT * FROM employees LIMIT 50: 50 row(s) returned
[18, 19:35:04] UPDATE EMPLOYEES SET first_name = 'Bob' WHERE emp_no = 10023: Running...
[18, 19:35:04] UPDATE EMPLOYEES SET first_name = 'Bob' WHERE emp_no = 10023: 1 row(s) affected
Rows matched: 1  Changed: 1  Warnings: 0
[19, 19:35:08] SELECT * FROM employees LIMIT 50: Running...
[19, 19:35:08] SELECT * FROM employees LIMIT 50: Fetching...
[19, 19:35:08] SELECT * FROM employees LIMIT 50: 50 row(s) returned
[20, 19:35:43] desc employees: Running...
[20, 19:35:43] desc employees: Fetching...
[20, 19:35:43] desc employees: 6 row(s) returned
[21, 19:36:10] select * from employees limit 50: Running...
[21, 19:36:10] select * from employees limit 50: Fetching...
[21, 19:36:10] select * from employees limit 50: 50 row(s) returned
[22, 19:40:37] UPDATE EMPLOYEES SET hire_date = '2002-01-01' WHERE first_name LIKE 'P%' AND
last_name = 'P%': Running...
[22, 19:40:37] UPDATE EMPLOYEES SET hire_date = '2002-01-01' WHERE first_name LIKE 'P%' AND
last_name = 'P%': Error Code: 1175. You are using safe update mode and you tried to update a table without a WHERE that uses a KEY column. 
To disable safe mode, toggle the option in Preferences -> SQL Editor and reconnect.
[23, 19:41:32] UPDATE EMPLOYEES SET hire_date = '2002-01-01' WHERE first_name = 'P%' AND
last_name = 'P%': Running...
[23, 19:41:32] UPDATE EMPLOYEES SET hire_date = '2002-01-01' WHERE first_name = 'P%' AND
last_name = 'P%': Error Code: 1175. You are using safe update mode and you tried to update a table without a WHERE that uses a KEY column. 
To disable safe mode, toggle the option in Preferences -> SQL Editor and reconnect.
[24, 19:44:42] UPDATE EMPLOYEES SET hire_date = '2002-01-01' WHERE first_name = 'P%': Running...
[24, 19:44:42] UPDATE EMPLOYEES SET hire_date = '2002-01-01' WHERE first_name = 'P%': Error Code: 1175. You are using safe update mode and you tried to update a table without a WHERE that uses a KEY column. 
To disable safe mode, toggle the option in Preferences -> SQL Editor and reconnect.
[25, 19:46:49] select * from employees limit 50: Running...
[25, 19:46:49] select * from employees limit 50: Fetching...
[25, 19:46:49] select * from employees limit 50: 50 row(s) returned
[26, 19:47:17] UPDATE EMPLOYEES SET hire_date = '2002-01-01' WHERE first_name LIKE 'P%' AND 
last_name like 'P&': Running...
[26, 19:47:17] UPDATE EMPLOYEES SET hire_date = '2002-01-01' WHERE first_name LIKE 'P%' AND 
last_name like 'P&': Error Code: 1175. You are using safe update mode and you tried to update a table without a WHERE that uses a KEY column. 
To disable safe mode, toggle the option in Preferences -> SQL Editor and reconnect.
[27, 19:47:44] UPDATE EMPLOYEES SET hire_date = '2002-01-01' WHERE first_name LIKE 'P%': Running...
[27, 19:47:44] UPDATE EMPLOYEES SET hire_date = '2002-01-01' WHERE first_name LIKE 'P%': Error Code: 1175. You are using safe update mode and you tried to update a table without a WHERE that uses a KEY column. 
To disable safe mode, toggle the option in Preferences -> SQL Editor and reconnect.
[28, 19:48:19] UPDATE EMPLOYEES SET first_name = 'Bob' WHERE emp_no = 10023: Running...
[28, 19:48:19] UPDATE EMPLOYEES SET first_name = 'Bob' WHERE emp_no = 10023: 0 row(s) affected
Rows matched: 1  Changed: 0  Warnings: 0
[29, 19:58:57] UPDATE EMPLOYEES SET hire_date = '2002-01-01' WHERE first_name LIKE 'P%': Running...
[29, 19:58:57] UPDATE EMPLOYEES SET hire_date = '2002-01-01' WHERE first_name LIKE 'P%': Error Code: 1175. You are using safe update mode and you tried to update a table without a WHERE that uses a KEY column. 
To disable safe mode, toggle the option in Preferences -> SQL Editor and reconnect.
[30, 19:59:57] desc employees: Running...
[30, 19:59:57] desc employees: Fetching...
[30, 19:59:57] desc employees: 6 row(s) returned
[31, 20:00:02] select * from employees limit 50: Running...
[31, 20:00:02] select * from employees limit 50: Fetching...
[31, 20:00:02] select * from employees limit 50: 50 row(s) returned
[32, 20:07:38] EXPLAIN UPDATE EMPLOYEES SET first_name = 'Bob' WHERE emp_no = 10023: Executing 
[32, 20:07:38] EXPLAIN UPDATE EMPLOYEES SET first_name = 'Bob' WHERE emp_no = 10023: OK
[33, 20:07:38] EXPLAIN FORMAT=JSON UPDATE EMPLOYEES SET first_name = 'Bob' WHERE emp_no = 10023: Executing 
[33, 20:07:38] EXPLAIN FORMAT=JSON UPDATE EMPLOYEES SET first_name = 'Bob' WHERE emp_no = 10023: OK
[34, 20:07:54] UPDATE EMPLOYEES SET first_name = 'Bob' WHERE emp_no = 10023: Running...
[34, 20:07:54] UPDATE EMPLOYEES SET first_name = 'Bob' WHERE emp_no = 10023: 0 row(s) affected
Rows matched: 1  Changed: 0  Warnings: 0
[35, 20:08:02] UPDATE EMPLOYEES SET hire_date = '2002-01-01' WHERE first_name LIKE 'P%': Running...
[35, 20:08:02] UPDATE EMPLOYEES SET hire_date = '2002-01-01' WHERE first_name LIKE 'P%': Error Code: 1175. You are using safe update mode and you tried to update a table without a WHERE that uses a KEY column. 
To disable safe mode, toggle the option in Preferences -> SQL Editor and reconnect.
[1, 20:09:40] desc employees: Running...
[1, 20:09:40] desc employees: Fetching...
[1, 20:09:40] desc employees: 6 row(s) returned
[2, 20:09:42] select * from employees limit 50: Running...
[2, 20:09:42] select * from employees limit 50: Fetching...
[2, 20:09:42] select * from employees limit 50: 50 row(s) returned
[3, 20:09:45] UPDATE EMPLOYEES SET first_name = 'Bob' WHERE emp_no = 10023: Running...
[3, 20:09:45] UPDATE EMPLOYEES SET first_name = 'Bob' WHERE emp_no = 10023: 0 row(s) affected
Rows matched: 1  Changed: 0  Warnings: 0
[4, 20:09:48] select * from employees limit 50: Running...
[4, 20:09:48] select * from employees limit 50: Fetching...
[4, 20:09:48] select * from employees limit 50: 50 row(s) returned
[5, 20:09:51] UPDATE EMPLOYEES SET hire_date = '2002-01-01' WHERE first_name LIKE 'P%': Running...
[5, 20:09:52] UPDATE EMPLOYEES SET hire_date = '2002-01-01' WHERE first_name LIKE 'P%': 10247 row(s) affected
Rows matched: 10247  Changed: 10247  Warnings: 0
[6, 20:10:02] select * from employees limit 50: Running...
[6, 20:10:02] select * from employees limit 50: Fetching...
[6, 20:10:02] select * from employees limit 50: 50 row(s) returned
[7, 20:11:25] UPDATE EMPLOYEES SET hire_date = '2002-01-01' WHERE first_name LIKE 'P%'AND
last_name LIKE 'P%': Running...
[7, 20:11:25] UPDATE EMPLOYEES SET hire_date = '2002-01-01' WHERE first_name LIKE 'P%'AND
last_name LIKE 'P%': 0 row(s) affected
Rows matched: 769  Changed: 0  Warnings: 0
[8, 20:11:35] select * from employees limit 50: Running...
[8, 20:11:35] select * from employees limit 50: Fetching...
[8, 20:11:35] select * from employees limit 50: 50 row(s) returned
[9, 20:13:00] UPDATE EMPLOYEES SET hire_date = '2002-01-01' WHERE first_name AND last_name LIKE 'P%': Running...
[9, 20:13:00] UPDATE EMPLOYEES SET hire_date = '2002-01-01' WHERE first_name AND last_name LIKE 'P%': Error Code: 1292. Truncated incorrect DOUBLE value: 'SERENA'
[10, 20:14:05] UPDATE EMPLOYEES SET hire_date = '2002-01-01' WHERE first_name LIKE 'P%': Running...
[10, 20:14:05] UPDATE EMPLOYEES SET hire_date = '2002-01-01' WHERE first_name LIKE 'P%': 0 row(s) affected
Rows matched: 10247  Changed: 0  Warnings: 0
[11, 20:14:08] select * from employees limit 50: Running...
[11, 20:14:08] select * from employees limit 50: Fetching...
[11, 20:14:08] select * from employees limit 50: 50 row(s) returned
[12, 20:14:14] UPDATE EMPLOYEES SET hire_date = '2002-01-01' WHERE last_name LIKE 'P%': Running...
[12, 20:14:15] UPDATE EMPLOYEES SET hire_date = '2002-01-01' WHERE last_name LIKE 'P%': 21319 row(s) affected
Rows matched: 22088  Changed: 21319  Warnings: 0
[13, 20:14:18] select * from employees limit 50: Running...
[13, 20:14:18] select * from employees limit 50: Fetching...
[13, 20:14:18] select * from employees limit 50: 50 row(s) returned
[14, 20:16:25] UPDATE EMPLOYEES SET hire_date = '2002-01-01' WHERE first_name LIKE 'P%' or last_name LIKE 'P%': Running...
[14, 20:16:26] UPDATE EMPLOYEES SET hire_date = '2002-01-01' WHERE first_name LIKE 'P%' or last_name LIKE 'P%': 0 row(s) affected
Rows matched: 31566  Changed: 0  Warnings: 0
[15, 20:16:31] select * from employees limit 50: Running...
[15, 20:16:31] select * from employees limit 50: Fetching...
[15, 20:16:31] select * from employees limit 50: 50 row(s) returned
[16, 20:17:22] DESC EMPLOYEES: Running...
[16, 20:17:22] DESC EMPLOYEES: Fetching...
[16, 20:17:23] DESC EMPLOYEES: 6 row(s) returned
[17, 20:17:36] select * from employees limit 50: Running...
[17, 20:17:36] select * from employees limit 50: Fetching...
[17, 20:17:36] select * from employees limit 50: 50 row(s) returned
[18, 20:18:40] select * from employees Where birth_date < '1965-01-01': Running...
[18, 20:18:40] select * from employees Where birth_date < '1965-01-01': Fetching...
[18, 20:18:42] select * from employees Where birth_date < '1965-01-01': 298084 row(s) returned
[19, 20:22:17] select * from employees where gender = 'f' && hire_date > '1990-01-01': Running...
[19, 20:22:17] select * from employees where gender = 'f' && hire_date > '1990-01-01': Fetching...
[19, 20:22:18] select * from employees where gender = 'f' && hire_date > '1990-01-01': 60800 row(s) returned
[20, 20:26:05] select * from employees WHERE last_name AND first_name LIKE 'F%' LIMIT 50: Running...
[20, 20:26:05] select * from employees WHERE last_name AND first_name LIKE 'F%' LIMIT 50: Fetching...
[20, 20:26:05] select * from employees WHERE last_name AND first_name LIKE 'F%' LIMIT 50: 0 row(s) returned
[21, 20:26:17] desc  employees: Running...
[21, 20:26:17] desc  employees: Fetching...
[21, 20:26:17] desc  employees: 6 row(s) returned
[22, 20:26:40] SELECT * FROM EMPLOYEES LIMIT 25: Running...
[22, 20:26:40] SELECT * FROM EMPLOYEES LIMIT 25: Fetching...
[22, 20:26:40] SELECT * FROM EMPLOYEES LIMIT 25: 25 row(s) returned
[23, 20:27:43] select * from employees WHERE last_name LIKE 'F%' LIMIT 50: Running...
[23, 20:27:43] select * from employees WHERE last_name LIKE 'F%' LIMIT 50: Fetching...
[23, 20:27:43] select * from employees WHERE last_name LIKE 'F%' LIMIT 50: 50 row(s) returned
[24, 20:30:30] INSERT INTO employees VALUES (102, '1978-01-01', 'GABBY', 'DOUGLAS', 'F', '2020-03-03'): Running...
[24, 20:30:30] INSERT INTO employees VALUES (102, '1978-01-01', 'GABBY', 'DOUGLAS', 'F', '2020-03-03'): Error Code: 1062. Duplicate entry '102' for key 'employees.PRIMARY'
[25, 20:30:34] SELECT * FROM EMPLOYEES LIMIT 25: Running...
[25, 20:30:34] SELECT * FROM EMPLOYEES LIMIT 25: Fetching...
[25, 20:30:34] SELECT * FROM EMPLOYEES LIMIT 25: 25 row(s) returned
[26, 20:31:20] UPDATE EMPLOYEES SET first_name = 'Bob' WHERE emp_no = 10023: Running...
[26, 20:31:20] UPDATE EMPLOYEES SET first_name = 'Bob' WHERE emp_no = 10023: 0 row(s) affected
Rows matched: 1  Changed: 0  Warnings: 0
[27, 20:31:21] SELECT * FROM employees LIMIT 50: Running...
[27, 20:31:21] SELECT * FROM employees LIMIT 50: Fetching...
[27, 20:31:21] SELECT * FROM employees LIMIT 50: 50 row(s) returned
[28, 20:32:25] UPDATE EMPLOYEES SET hire_date = '2002-01-01' WHERE first_name LIKE 'P%' or last_name LIKE 'P%': Running...
[28, 20:32:25] UPDATE EMPLOYEES SET hire_date = '2002-01-01' WHERE first_name LIKE 'P%' or last_name LIKE 'P%': 0 row(s) affected
Rows matched: 31566  Changed: 0  Warnings: 0
[29, 20:32:29] select * from employees limit 50: Running...
[29, 20:32:29] select * from employees limit 50: Fetching...
[29, 20:32:29] select * from employees limit 50: 50 row(s) returned
[30, 20:52:26] DELETE FROM employees Where emp_no < 10000: Running...
[30, 20:52:26] DELETE FROM employees Where emp_no < 10000: 3 row(s) affected
[31, 20:52:28] select * from employees limit 50: Running...
[31, 20:52:28] select * from employees limit 50: Fetching...
[31, 20:52:28] select * from employees limit 50: 50 row(s) returned
[32, 20:53:22] select * from employees limit 50: Running...
[32, 20:53:22] select * from employees limit 50: Fetching...
[32, 20:53:22] select * from employees limit 50: 50 row(s) returned
[33, 20:55:31] DELETE FROM employees Where emp_no = (10048, 10099, 10234, 20089): Running...
[33, 20:55:31] DELETE FROM employees Where emp_no = (10048, 10099, 10234, 20089): Error Code: 1241. Operand should contain 1 column(s)
[34, 20:55:34] select * from employees limit 50: Running...
[34, 20:55:34] select * from employees limit 50: Fetching...
[34, 20:55:34] select * from employees limit 50: 50 row(s) returned
[35, 20:59:39] DELETE FROM employees Where emp_no = 10048 AND 10099 AND 10234 AND 20089: Running...
[35, 20:59:39] DELETE FROM employees Where emp_no = 10048 AND 10099 AND 10234 AND 20089: 1 row(s) affected
[36, 20:59:46] select * from employees limit 50: Running...
[36, 20:59:46] select * from employees limit 50: Fetching...
[36, 20:59:46] select * from employees limit 50: 50 row(s) returned
[37, 21:13:02] DELETE FROM employees Where emp_no = 10048 AND emp_no = 10099: Running...
[37, 21:13:02] DELETE FROM employees Where emp_no = 10048 AND emp_no = 10099: 0 row(s) affected
[38, 21:13:07] select * from employees limit 50: Running...
[38, 21:13:07] select * from employees limit 50: Fetching...
[38, 21:13:07] select * from employees limit 50: 50 row(s) returned
[39, 21:13:42] select * from employees limit 100: Running...
[39, 21:13:42] select * from employees limit 100: Fetching...
[39, 21:13:42] select * from employees limit 100: 100 row(s) returned
[40, 21:13:51] DELETE FROM employees Where emp_no = 10048 AND emp_no = 10099: Running...
[40, 21:13:51] DELETE FROM employees Where emp_no = 10048 AND emp_no = 10099: 0 row(s) affected
[41, 21:13:55] select * from employees limit 100: Running...
[41, 21:13:55] select * from employees limit 100: Fetching...
[41, 21:13:55] select * from employees limit 100: 100 row(s) returned
[42, 21:17:44] DELETE FROM employees Where emp_no = 10048 && emp_no = 10099: Running...
[42, 21:17:44] DELETE FROM employees Where emp_no = 10048 && emp_no = 10099: 0 row(s) affected, 1 warning(s):
1287 '&&' is deprecated and will be removed in a future release. Please use AND instead
[43, 21:18:05] DELETE FROM employees Where emp_no = 10048 AND emp_no = 10099: Running...
[43, 21:18:05] DELETE FROM employees Where emp_no = 10048 AND emp_no = 10099: 0 row(s) affected
[44, 21:18:09] select * from employees limit 100: Running...
[44, 21:18:09] select * from employees limit 100: Fetching...
[44, 21:18:09] select * from employees limit 100: 100 row(s) returned
[45, 07:33:54] UPDATE EMPLOYEES SET hire_date = '2002-01-01' WHERE first_name LIKE 'P%' or last_name LIKE 'P%': Running...
[45, 07:33:55] UPDATE EMPLOYEES SET hire_date = '2002-01-01' WHERE first_name LIKE 'P%' or last_name LIKE 'P%': 0 row(s) affected
Rows matched: 31566  Changed: 0  Warnings: 0
[46, 07:56:04] DELETE FROM employees Where emp_no IN (10048, 10099, 20089, 10234): Running...
[46, 07:56:04] DELETE FROM employees Where emp_no IN (10048, 10099, 20089, 10234): 3 row(s) affected
[47, 07:56:23] select * from employees limit 100: Running...
[47, 07:56:23] select * from employees limit 100: Fetching...
[47, 07:56:23] select * from employees limit 100: 100 row(s) returned
[48, 07:56:51] select * from employees limit 125: Running...
[48, 07:56:51] select * from employees limit 125: Fetching...
[48, 07:56:51] select * from employees limit 125: 125 row(s) returned
[49, 07:57:10] select * from employees limit 200: Running...
[49, 07:57:10] select * from employees limit 200: Fetching...
[49, 07:57:10] select * from employees limit 200: 200 row(s) returned
[50, 07:57:25] select * from employees limit 250: Running...
[50, 07:57:25] select * from employees limit 250: Fetching...
[50, 07:57:25] select * from employees limit 250: 250 row(s) returned
[1, 17:00:37] Could not connect, server may not be running.: Unable to connect to localhost:3306
[1, 17:01:22] Could not connect, server may not be running.: Unable to connect to localhost:3306
[1, 17:07:44] Could not connect, server may not be running.: Unable to connect to localhost:3306
[1, 05:04:36] show databases: Running...
[1, 05:04:36] show databases: Fetching...
[1, 05:04:36] show databases: 5 row(s) returned
[2, 05:04:45] use employees: Running...
[2, 05:04:45] use employees: 0 row(s) affected
[3, 05:04:57] desc employees: Running...
[3, 05:04:57] desc employees: Fetching...
[3, 05:04:57] desc employees: 6 row(s) returned
[4, 05:05:09] show databases: Running...
[4, 05:05:09] show databases: Fetching...
[4, 05:05:09] show databases: 5 row(s) returned
[5, 05:05:19] desc employees: Running...
[5, 05:05:19] desc employees: Fetching...
[5, 05:05:19] desc employees: 6 row(s) returned
[6, 05:05:58] show tables: Running...
[6, 05:05:58] show tables: Fetching...
[6, 05:05:58] show tables: 8 row(s) returned
[1, 18:12:05] desc employees: Running...
[1, 18:12:05] desc employees: Fetching...
[1, 18:12:05] desc employees: 6 row(s) returned
[2, 18:12:27] show databases: Running...
[2, 18:12:27] show databases: Fetching...
[2, 18:12:27] show databases: 5 row(s) returned
[3, 18:15:10] SELECT COUNT(*) AS " # OF EMPLOYEES"
FROM employees e
INNER JOIN titles t on e.emp_no = t.emp_no
WHERE birth_date > '1965-01-01': Running...
[3, 18:15:10] SELECT COUNT(*) AS " # OF EMPLOYEES"
FROM employees e
INNER JOIN titles t on e.emp_no = t.emp_no
WHERE birth_date > '1965-01-01': Fetching...
[3, 18:15:10] SELECT COUNT(*) AS " # OF EMPLOYEES"
FROM employees e
INNER JOIN titles t on e.emp_no = t.emp_no
WHERE birth_date > '1965-01-01': 1 row(s) returned
[4, 18:20:00] SELECT avg(salary) AS "Salary Average per Title"
FROM salaries s
INNER JOIN titles t on s.emp_no = t.emp_no
GROUP BY t.title: Running...
[4, 18:20:11] SELECT avg(salary) AS "Salary Average per Title"
FROM salaries s
INNER JOIN titles t on s.emp_no = t.emp_no
GROUP BY t.title: Fetching...
[4, 18:20:11] SELECT avg(salary) AS "Salary Average per Title"
FROM salaries s
INNER JOIN titles t on s.emp_no = t.emp_no
GROUP BY t.title: 7 row(s) returned
[5, 18:21:02] SELECT avg(salary) AS "Salary Average per Title", t.title
FROM salaries s
INNER JOIN titles t on s.emp_no = t.emp_no
GROUP BY t.title: Running...
[5, 18:21:12] SELECT avg(salary) AS "Salary Average per Title", t.title
FROM salaries s
INNER JOIN titles t on s.emp_no = t.emp_no
GROUP BY t.title: Fetching...
[5, 18:21:12] SELECT avg(salary) AS "Salary Average per Title", t.title
FROM salaries s
INNER JOIN titles t on s.emp_no = t.emp_no
GROUP BY t.title: 7 row(s) returned
[6, 18:31:35] SELECT SUM(salary), d.dept_name
FROM salaries s 
INNER JOIN dept_emp de on s.emp_no = de.emp_no
INNER JOIN departments d on de.dept_no = d.dept_no
WHERE dept_name = "Marketing" AND s.from_date >= '1990-01-01'
AND s.to_date <= '1992-12-31'
GROUP BY dept_name: Running...
[6, 18:31:36] SELECT SUM(salary), d.dept_name
FROM salaries s 
INNER JOIN dept_emp de on s.emp_no = de.emp_no
INNER JOIN departments d on de.dept_no = d.dept_no
WHERE dept_name = "Marketing" AND s.from_date >= '1990-01-01'
AND s.to_date <= '1992-12-31'
GROUP BY dept_name: Fetching...
[6, 18:31:36] SELECT SUM(salary), d.dept_name
FROM salaries s 
INNER JOIN dept_emp de on s.emp_no = de.emp_no
INNER JOIN departments d on de.dept_no = d.dept_no
WHERE dept_name = "Marketing" AND s.from_date >= '1990-01-01'
AND s.to_date <= '1992-12-31'
GROUP BY dept_name: 1 row(s) returned
