18:11:51 [ERR][      Workbench]: Console redirection failed.
18:11:51 [INF][      Workbench]: Starting up Workbench
18:11:51 [INF][      Workbench]: Current environment:
	Command line: "C:\Program Files\MySQL\MySQL Workbench 8.0 CE\MySQLWorkbench.exe" 
	CurrentDirectory: C:\Program Files\MySQL\MySQL Workbench 8.0 CE
	HasShutdownStarted: False
	OSVersion: Microsoft Windows NT 6.2.9200.0
	SystemDirectory: C:\WINDOWS\system32
	TickCount: 265082140
	UserInteractive: True
	Version: 4.0.30319.42000
	WorkingSet: 41467904
18:11:51 [INF][      Workbench]: Environment variables:
	SystemDrive = C:
	ProgramFiles(x86) = C:\Program Files (x86)
	ProgramW6432 = C:\Program Files
	PROCESSOR_IDENTIFIER = Intel64 Family 6 Model 126 Stepping 5, GenuineIntel
	TMP = C:\Users\tazh_\AppData\Local\Temp
	PROCESSOR_ARCHITECTURE = AMD64
	Path = C:\Program Files (x86)\Common Files\Oracle\Java\javapath;C:\WINDOWS\system32;C:\WINDOWS;C:\WINDOWS\System32\Wbem;C:\WINDOWS\System32\WindowsPowerShell\v1.0\;C:\WINDOWS\System32\OpenSSH\;C:\Program Files\Git\cmd;C:\Program Files\MySQL\MySQL Server 8.0\bin;C:\Users\tazh_\AppData\Local\Microsoft\WindowsApps;
	USERPROFILE = C:\Users\tazh_
	PROCESSOR_REVISION = 7e05
	TEMP = C:\Users\tazh_\AppData\Local\Temp
	FPS_BROWSER_APP_PROFILE_STRING = Internet Explorer
	FPS_BROWSER_USER_PROFILE_STRING = Default
	LOGONSERVER = \\LAPTOP-KF5V4KKB
	USERNAME = tazh_
	SystemRoot = C:\WINDOWS
	OneDrive = C:\Users\tazh_\OneDrive
	CommonProgramFiles = C:\Program Files\Common Files
	PROCESSOR_LEVEL = 6
	ProgramData = C:\ProgramData
	platformcode = KV
	HOMEPATH = \Users\tazh_
	OneDriveConsumer = C:\Users\tazh_\OneDrive
	COMPUTERNAME = LAPTOP-KF5V4KKB
	CommonProgramFiles(x86) = C:\Program Files (x86)\Common Files
	ALLUSERSPROFILE = C:\ProgramData
	CommonProgramW6432 = C:\Program Files\Common Files
	SESSIONNAME = Console
	DriverData = C:\Windows\System32\Drivers\DriverData
	HOMEDRIVE = C:
	windir = C:\WINDOWS
	NUMBER_OF_PROCESSORS = 8
	OS = Windows_NT
	ProgramFiles = C:\Program Files
	ComSpec = C:\WINDOWS\system32\cmd.exe
	PATHEXT = .COM;.EXE;.BAT;.CMD;.VBS;.VBE;.JS;.JSE;.WSF;.WSH;.MSC
	PSModulePath = C:\Program Files\WindowsPowerShell\Modules;C:\WINDOWS\system32\WindowsPowerShell\v1.0\Modules
	APPDATA = C:\Users\tazh_\AppData\Roaming
	USERDOMAIN = LAPTOP-KF5V4KKB
	OnlineServices = Online Services
	LOCALAPPDATA = C:\Users\tazh_\AppData\Local
	USERDOMAIN_ROAMINGPROFILE = LAPTOP-KF5V4KKB
	RegionCode = NA
	PUBLIC = C:\Users\Public
18:11:51 [INF][      Workbench]: Current version given by meta info is: 8.0.21
18:11:51 [INF][      Workbench]: Setting PATH to: C:\WINDOWS\system32;C:\Program Files (x86)\Common Files\Oracle\Java\javapath;C:\WINDOWS\system32;C:\WINDOWS;C:\WINDOWS\System32\Wbem;C:\WINDOWS\System32\WindowsPowerShell\v1.0\;C:\WINDOWS\System32\OpenSSH\;C:\Program Files\Git\cmd;C:\Program Files\MySQL\MySQL Server 8.0\bin;C:\Users\tazh_\AppData\Local\Microsoft\WindowsApps;
18:11:51 [INF][ mforms managed]: Initializing mforms wrapper
18:11:52 [INF][   WBContext UI]: Initializing workbench context UI with these values:
	base dir: C:\Program Files\MySQL\MySQL Workbench 8.0 CE
	plugin path: C:\Program Files\MySQL\MySQL Workbench 8.0 CE
	struct path: 
	module path: C:\Program Files\MySQL\MySQL Workbench 8.0 CE/modules
	library path: C:\Program Files\MySQL\MySQL Workbench 8.0 CE
	user data dir: C:\Users\tazh_\AppData\Roaming\MySQL\Workbench
	open at start: 
	open type: 
	run at startup: 
	run type: 
	Force SW rendering: No
	Force OpenGL: No
	quit when done: No
18:11:52 [INF][      WBContext]: WbContext::init
18:11:52 [INF][            WBA]: Looking for extension modules for WBA...
18:11:52 [INF][            WBA]: 0 extension modules found
18:11:52 [WRN][            grt]: C:\Users\tazh_\AppData\Roaming\MySQL\Workbench\connections.xml:26: link '{4C8DD8E6-9C42-4884-A4FD-DF94B82B6688}' <object GrtObject> key=owner could not be resolved
18:11:52 [INF][      WBContext]: System info:
 	MySQL Workbench Community (GPL) for Windows version 8.0.21 CE build 16448441 (64 bit)
	Configuration Directory: C:\Users\tazh_\AppData\Roaming\MySQL\Workbench
	Data Directory: C:\Program Files\MySQL\MySQL Workbench 8.0 CE
	Cairo Version: 1.10.2
	OS: Microsoft Windows 10 Home
	CPU: 8x Intel(R) Core(TM) i5-1035G1 CPU @ 1.00GHz, 11.8 GiB RAM
	Active video adapter Intel(R) UHD Graphics
	Installed video RAM: 1024 MB
	Current video mode: 1366 x 768 x 4294967296 colors
	Used bit depth: 32
	Driver version: 26.20.100.7926
	Installed display drivers: C:\WINDOWS\System32\DriverStore\FileRepository\iigd_dch.inf_amd64_ada2367baaae74c0\igdumdim64.dll,C:\WINDOWS\System32\DriverStore\FileRepository\iigd_dch.inf_amd64_ada2367baaae74c0\igd10iumd64.dll,C:\WINDOWS\System32\DriverStore\FileRepository\iigd_dch.inf_amd64_ada2367baaae74c0\igd10iumd64.dll,C:\WINDOWS\System32\DriverStore\FileRepository\iigd_dch.inf_amd64_ada2367baaae74c0\igd12umd64.dll
	Current user language: English (United States)

18:11:52 [INF][      Workbench]: UI is up
18:11:52 [INF][      Workbench]: Running the application
18:11:54 [INF][SQL Editor Form]: Opened connection 'Local instance MySQL80' to MySQL Community Server - GPL version 8.0.21
18:11:55 [INF][        WQE.net]: Launching SQL IDE
18:11:55 [INF][        WQE.net]: SQL IDE UI is ready
